<?xml version="1.0" encoding="UTF-8"?>
<!-- Generated by org.testng.reporters.JUnitReportReporter -->
<testsuite hostname="dac-19" failures="0" tests="1" name="com.cdac.acts.selenium.NewTest" time="11.831" errors="0" timestamp="2024-12-21T16:47:13 IST" skipped="0">
  <testcase classname="com.cdac.acts.selenium.NewTest" name="f" time="11.831"/>
</testsuite> <!-- com.cdac.acts.selenium.NewTest -->
